<?xml version="1.0" encoding="UTF-8"?>
<!-- Generated by org.testng.reporters.JUnitXMLReporter -->
<testsuite ignored="4" hostname="Laptop" failures="0" tests="2" name="Test" time="21.495" errors="0" timestamp="2023-12-28T12:37:23 IST">
  <testcase classname="Test_Scripts.Demo_Jeans_002_Test" name="BlueJeans" time="4.89"/>
  <testcase classname="Test_Scripts.Demo_Comp_005_Test" name="DigitalDownloadsPage" time="4.265"/>
  <testcase classname="Test_Scripts.Demo_Comp_004_Test" name="Books" time="0.0">
    <ignored/>
  </testcase> <!-- Books -->
  <testcase classname="Test_Scripts.Demo_Comp_007_Test" name="GiftCardsPage" time="0.0">
    <ignored/>
  </testcase> <!-- GiftCardsPage -->
  <testcase classname="Test_Scripts.Demo_Elec_001_Test" name="electronic" time="0.0">
    <ignored/>
  </testcase> <!-- electronic -->
  <testcase classname="Test_Scripts.Demo_Comp_003_Test" name="Computer" time="0.0">
    <ignored/>
  </testcase> <!-- Computer -->
</testsuite> <!-- Test -->
